<?xml version="1.0" encoding="UTF-8"?>
<!-- Generated by org.testng.reporters.JUnitReportReporter -->
<testsuite hostname="DESKTOP-3EITVAF" failures="0" tests="1" name="rest.PostAndGetTest" time="8.848" errors="0" timestamp="2022-10-18T18:38:30 IST" skipped="0">
  <testcase classname="rest.PostAndGetTest" name="postAndGetTest" time="8.848"/>
  <system-out/>
</testsuite> <!-- rest.PostAndGetTest -->
