<?xml version="1.0" encoding="UTF-8"?>
<!-- Generated by org.testng.reporters.JUnitReportReporter -->
<testsuite hostname="DESKTOP-3EITVAF" failures="0" tests="1" name="org.demo.tutorialsNinjaTest" time="15.770" errors="0" timestamp="2022-10-17T12:21:04 IST" skipped="0">
  <testcase classname="org.demo.tutorialsNinjaTest" name="demoTest" time="15.770"/>
  <system-out/>
</testsuite> <!-- org.demo.tutorialsNinjaTest -->
