<?xml version="1.0" encoding="UTF-8"?>
<!-- Generated by org.testng.reporters.JUnitReportReporter -->
<testsuite hostname="DESKTOP-3EITVAF" failures="0" tests="1" name="rest.GetAndAssert" time="5.114" errors="0" timestamp="2022-10-18T18:37:33 IST" skipped="0">
  <testcase classname="rest.GetAndAssert" name="getLogoutTest" time="5.114"/>
  <system-out/>
</testsuite> <!-- rest.GetAndAssert -->
