<?xml version="1.0" encoding="UTF-8"?>
<!-- Generated by org.testng.reporters.JUnitReportReporter -->
<testsuite hostname="DESKTOP-3EITVAF" failures="0" tests="1" name="rest.PostAndAssert" time="6.523" errors="0" timestamp="2022-10-18T18:37:07 IST" skipped="0">
  <testcase classname="rest.PostAndAssert" name="postAssertion" time="6.523"/>
  <system-out/>
</testsuite> <!-- rest.PostAndAssert -->
